# JRE version: OpenJDK Runtime Environment (15.0.2+7) (build 15.0.2+7-27)
# Java VM: OpenJDK 64-Bit Server VM (15.0.2+7-27, mixed mode, tiered, compressed oops, g1 gc, linux-amd64)
GC Precious Log:
 CPUs: 2 total, 2 available
 Memory: 7932M
 Large Page Support: Disabled
 NUMA Support: Disabled
 Compressed Oops: Enabled (32-bit)
 Heap Region Size: 1M
 Heap Min Capacity: 8M
 Heap Initial Capacity: 124M
 Heap Max Capacity: 1984M
 Pre-touch: Disabled
 Parallel Workers: 2
 Concurrent Workers: 1
 Concurrent Refinement Workers: 2
 Periodic GC: Disabled
Heap:
 garbage-first heap   total 81920K, used 45794K [0x0000000084000000, 0x0000000100000000)
  region size 1024K, 3 young (3072K), 2 survivors (2048K)
 Metaspace       used 47458K, capacity 48085K, committed 48384K, reserved 1091584K
  class space    used 5633K, capacity 5813K, committed 5888K, reserved 1048576K
GC Heap History (20 events):
Event: 5.382 GC heap before
{Heap before GC invocations=16 (full 0):
 garbage-first heap   total 75776K, used 60745K [0x0000000084000000, 0x0000000100000000)
  region size 1024K, 21 young (21504K), 2 survivors (2048K)
 Metaspace       used 46152K, capacity 46661K, committed 46720K, reserved 1089536K
  class space    used 5584K, capacity 5728K, committed 5760K, reserved 1048576K
}
Event: 5.384 GC heap after
{Heap after GC invocations=17 (full 0):
 garbage-first heap   total 75776K, used 42817K [0x0000000084000000, 0x0000000100000000)
  region size 1024K, 2 young (2048K), 2 survivors (2048K)
 Metaspace       used 46152K, capacity 46661K, committed 46720K, reserved 1089536K
  class space    used 5584K, capacity 5728K, committed 5760K, reserved 1048576K
}
Event: 5.907 GC heap before
{Heap before GC invocations=18 (full 0):
 garbage-first heap   total 76800K, used 61249K [0x0000000084000000, 0x0000000100000000)
  region size 1024K, 20 young (20480K), 2 survivors (2048K)
 Metaspace       used 46269K, capacity 46791K, committed 46976K, reserved 1091584K
  class space    used 5584K, capacity 5728K, committed 5760K, reserved 1048576K
}
Event: 5.910 GC heap after
{Heap after GC invocations=19 (full 0):
 garbage-first heap   total 76800K, used 42895K [0x0000000084000000, 0x0000000100000000)
  region size 1024K, 2 young (2048K), 2 survivors (2048K)
 Metaspace       used 46269K, capacity 46791K, committed 46976K, reserved 1091584K
  class space    used 5584K, capacity 5728K, committed 5760K, reserved 1048576K
}
Event: 6.414 GC heap before
{Heap before GC invocations=19 (full 0):
 garbage-first heap   total 76800K, used 62351K [0x0000000084000000, 0x0000000100000000)
  region size 1024K, 21 young (21504K), 2 survivors (2048K)
 Metaspace       used 46471K, capacity 47074K, committed 47360K, reserved 1091584K
  class space    used 5600K, capacity 5801K, committed 5888K, reserved 1048576K
}
Event: 6.417 GC heap after
{Heap after GC invocations=20 (full 0):
 garbage-first heap   total 76800K, used 43199K [0x0000000084000000, 0x0000000100000000)
  region size 1024K, 2 young (2048K), 2 survivors (2048K)
 Metaspace       used 46471K, capacity 47074K, committed 47360K, reserved 1091584K
  class space    used 5600K, capacity 5801K, committed 5888K, reserved 1048576K
}
Event: 7.068 GC heap before
{Heap before GC invocations=21 (full 0):
 garbage-first heap   total 78848K, used 61631K [0x0000000084000000, 0x0000000100000000)
  region size 1024K, 21 young (21504K), 2 survivors (2048K)
 Metaspace       used 46545K, capacity 47141K, committed 47360K, reserved 1091584K
  class space    used 5601K, capacity 5802K, committed 5888K, reserved 1048576K
}
Event: 7.071 GC heap after
{Heap after GC invocations=22 (full 0):
 garbage-first heap   total 78848K, used 43368K [0x0000000084000000, 0x0000000100000000)
  region size 1024K, 2 young (2048K), 2 survivors (2048K)
 Metaspace       used 46545K, capacity 47141K, committed 47360K, reserved 1091584K
  class space    used 5601K, capacity 5802K, committed 5888K, reserved 1048576K
}
Event: 9.640 GC heap before
{Heap before GC invocations=22 (full 0):
 garbage-first heap   total 78848K, used 64872K [0x0000000084000000, 0x0000000100000000)
  region size 1024K, 24 young (24576K), 2 survivors (2048K)
 Metaspace       used 46857K, capacity 47448K, committed 47616K, reserved 1091584K
  class space    used 5609K, capacity 5813K, committed 5888K, reserved 1048576K
}
Event: 9.642 GC heap after
{Heap after GC invocations=23 (full 0):
 garbage-first heap   total 78848K, used 44142K [0x0000000084000000, 0x0000000100000000)
  region size 1024K, 3 young (3072K), 3 survivors (3072K)
 Metaspace       used 46857K, capacity 47448K, committed 47616K, reserved 1091584K
  class space    used 5609K, capacity 5813K, committed 5888K, reserved 1048576K
}
Event: 14.197 GC heap before
{Heap before GC invocations=24 (full 0):
 garbage-first heap   total 78848K, used 63598K [0x0000000084000000, 0x0000000100000000)
  region size 1024K, 23 young (23552K), 3 survivors (3072K)
 Metaspace       used 47036K, capacity 47634K, committed 47872K, reserved 1091584K
  class space    used 5608K, capacity 5812K, committed 5888K, reserved 1048576K
}
Event: 14.200 GC heap after
{Heap after GC invocations=25 (full 0):
 garbage-first heap   total 78848K, used 43915K [0x0000000084000000, 0x0000000100000000)
  region size 1024K, 2 young (2048K), 2 survivors (2048K)
 Metaspace       used 47036K, capacity 47634K, committed 47872K, reserved 1091584K
  class space    used 5608K, capacity 5812K, committed 5888K, reserved 1048576K
}
Event: 14.231 GC heap before
{Heap before GC invocations=25 (full 0):
 garbage-first heap   total 78848K, used 43915K [0x0000000084000000, 0x0000000100000000)
  region size 1024K, 3 young (3072K), 2 survivors (2048K)
 Metaspace       used 47037K, capacity 47634K, committed 47872K, reserved 1091584K
  class space    used 5608K, capacity 5812K, committed 5888K, reserved 1048576K
}
Event: 14.233 GC heap after
{Heap after GC invocations=26 (full 0):
 garbage-first heap   total 78848K, used 43988K [0x0000000084000000, 0x0000000100000000)
  region size 1024K, 2 young (2048K), 2 survivors (2048K)
 Metaspace       used 47037K, capacity 47634K, committed 47872K, reserved 1091584K
  class space    used 5608K, capacity 5812K, committed 5888K, reserved 1048576K
}
Event: 16.681 GC heap before
{Heap before GC invocations=27 (full 0):
 garbage-first heap   total 80896K, used 60372K [0x0000000084000000, 0x0000000100000000)
  region size 1024K, 19 young (19456K), 2 survivors (2048K)
 Metaspace       used 47080K, capacity 47698K, committed 47872K, reserved 1091584K
  class space    used 5609K, capacity 5812K, committed 5888K, reserved 1048576K
}
Event: 16.683 GC heap after
{Heap after GC invocations=28 (full 0):
 garbage-first heap   total 80896K, used 44726K [0x0000000084000000, 0x0000000100000000)
  region size 1024K, 2 young (2048K), 2 survivors (2048K)
 Metaspace       used 47080K, capacity 47698K, committed 47872K, reserved 1091584K
  class space    used 5609K, capacity 5812K, committed 5888K, reserved 1048576K
}
Event: 17.768 GC heap before
{Heap before GC invocations=29 (full 0):
 garbage-first heap   total 81920K, used 67254K [0x0000000084000000, 0x0000000100000000)
  region size 1024K, 23 young (23552K), 2 survivors (2048K)
 Metaspace       used 47112K, capacity 47698K, committed 47872K, reserved 1091584K
  class space    used 5609K, capacity 5812K, committed 5888K, reserved 1048576K
}
Event: 17.770 GC heap after
{Heap after GC invocations=30 (full 0):
 garbage-first heap   total 81920K, used 45665K [0x0000000084000000, 0x0000000100000000)
  region size 1024K, 2 young (2048K), 2 survivors (2048K)
 Metaspace       used 47112K, capacity 47698K, committed 47872K, reserved 1091584K
  class space    used 5609K, capacity 5812K, committed 5888K, reserved 1048576K
}
Event: 29.362 GC heap before
{Heap before GC invocations=30 (full 0):
 garbage-first heap   total 81920K, used 67169K [0x0000000084000000, 0x0000000100000000)
  region size 1024K, 24 young (24576K), 2 survivors (2048K)
 Metaspace       used 47384K, capacity 47954K, committed 48128K, reserved 1091584K
  class space    used 5625K, capacity 5812K, committed 5888K, reserved 1048576K
}
Event: 29.365 GC heap after
{Heap after GC invocations=31 (full 0):
 garbage-first heap   total 81920K, used 45794K [0x0000000084000000, 0x0000000100000000)
  region size 1024K, 2 young (2048K), 2 survivors (2048K)
 Metaspace       used 47384K, capacity 47954K, committed 48128K, reserved 1091584K
  class space    used 5625K, capacity 5812K, committed 5888K, reserved 1048576K
}

